  Immagini.c
C:\Users\Pierdamiano\Documents\GitHub\labinfG2\Piattaforma di immagini\Immagini.c(91,59): warning C4090: 'function': different 'const' qualifiers
C:\Users\Pierdamiano\Documents\GitHub\labinfG2\Piattaforma di immagini\Immagini.c(92,63): warning C4090: 'function': different 'const' qualifiers
C:\Users\Pierdamiano\Documents\GitHub\labinfG2\Piattaforma di immagini\Immagini.c(109,61): warning C4244: '=': conversion from 'double' to 'unsigned int', possible loss of data
C:\Users\Pierdamiano\Documents\GitHub\labinfG2\Piattaforma di immagini\Immagini.c(400,60): warning C4090: 'function': different 'const' qualifiers
C:\Users\Pierdamiano\Documents\GitHub\labinfG2\Piattaforma di immagini\Immagini.c(443,71): warning C4090: 'function': different 'const' qualifiers
C:\Users\Pierdamiano\Documents\GitHub\labinfG2\Piattaforma di immagini\Immagini.c(490,63): warning C4090: 'function': different 'const' qualifiers
C:\Users\Pierdamiano\Documents\GitHub\labinfG2\Piattaforma di immagini\Immagini.c(533,74): warning C4090: 'function': different 'const' qualifiers
  Main.c
C:\Users\Pierdamiano\Documents\GitHub\labinfG2\Piattaforma di immagini\Main.c(7,21): warning C4244: 'function': conversion from 'time_t' to 'unsigned int', possible loss of data
  Menu.c
  MenuCreatore.c
  MenuUtilizzatore.c
  Utenti.c
  Utility.c
  Generating code
  2 of 76 functions ( 2.6%) were compiled, the rest were copied from previous compilation.
    1 functions were new in current compilation
    1 functions had inline decision re-evaluated but remain unchanged
  Finished generating code
  Piattaforma di immagini.vcxproj -> C:\Users\Pierdamiano\Documents\GitHub\labinfG2\Release\Piattaforma di immagini.exe
